c:\users\alex\onedrive\documents\dll\basic3d\debug\basic3d.lib
c:\users\alex\onedrive\documents\dll\basic3d\debug\basic3d.exp
c:\users\alex\onedrive\documents\dll\basic3d\basic3d\debug\basic3d.pch
c:\users\alex\onedrive\documents\dll\basic3d\basic3d\debug\vc140.pdb
c:\users\alex\onedrive\documents\dll\basic3d\basic3d\debug\vc140.idb
c:\users\alex\onedrive\documents\dll\basic3d\basic3d\debug\stdafx.obj
c:\users\alex\onedrive\documents\dll\basic3d\basic3d\debug\basic3d.obj
c:\users\alex\onedrive\documents\dll\basic3d\basic3d\debug\camera.obj
c:\users\alex\onedrive\documents\dll\basic3d\basic3d\debug\cameramanager.obj
c:\users\alex\onedrive\documents\dll\basic3d\basic3d\debug\director.obj
c:\users\alex\onedrive\documents\dll\basic3d\basic3d\debug\draw.obj
c:\users\alex\onedrive\documents\dll\basic3d\basic3d\debug\input.obj
c:\users\alex\onedrive\documents\dll\basic3d\basic3d\debug\materialloader.obj
c:\users\alex\onedrive\documents\dll\basic3d\basic3d\debug\meshloader.obj
c:\users\alex\onedrive\documents\dll\basic3d\basic3d\debug\scene.obj
c:\users\alex\onedrive\documents\dll\basic3d\basic3d\debug\texture2d.obj
c:\users\alex\onedrive\documents\dll\basic3d\basic3d\debug\dllmain.obj
c:\users\alex\onedrive\documents\dll\basic3d\debug\basic3d.dll
c:\users\alex\onedrive\documents\dll\basic3d\debug\basic3d.pdb
c:\users\alex\onedrive\documents\dll\basic3d\basic3d\debug\basic3d.tlog\basic3d.write.1u.tlog
c:\users\alex\onedrive\documents\dll\basic3d\basic3d\debug\basic3d.tlog\cl.command.1.tlog
c:\users\alex\onedrive\documents\dll\basic3d\basic3d\debug\basic3d.tlog\cl.read.1.tlog
c:\users\alex\onedrive\documents\dll\basic3d\basic3d\debug\basic3d.tlog\cl.write.1.tlog
c:\users\alex\onedrive\documents\dll\basic3d\basic3d\debug\basic3d.tlog\link.command.1.tlog
c:\users\alex\onedrive\documents\dll\basic3d\basic3d\debug\basic3d.tlog\link.read.1.tlog
c:\users\alex\onedrive\documents\dll\basic3d\basic3d\debug\basic3d.tlog\link.write.1.tlog
